
**** Build of configuration Debug for project rfPacketTx_CC1310_LAUNCHXL_tirtos_ccs ****

"C:\\ti\\ccs1011\\ccs\\utils\\bin\\gmake" -k -j 16 all -O 
 
Building file: "../ccfg.c"
Invoking: ARM Compiler
"C:/ti/ccs1011/ccs/tools/compiler/ti-cgt-arm_20.2.1.LTS/bin/armcl" -mv7M3 --code_state=16 --float_support=vfplib -me --include_path="C:/Users/dell/workspace_v10/rfPacketTx_CC1310_LAUNCHXL_tirtos_ccs" --include_path="C:/ti/simplelink_cc13x0_sdk_4_10_02_04/source/ti/posix/ccs" --include_path="C:/ti/ccs1011/ccs/tools/compiler/ti-cgt-arm_20.2.1.LTS/include" --define=DeviceFamily_CC13X0 --define=CCFG_FORCE_VDDR_HH=0 --define=SUPPORT_PHY_CUSTOM --define=SUPPORT_PHY_50KBPS2GFSK --define=SUPPORT_PHY_625BPSLRM --define=SUPPORT_PHY_5KBPSSLLR -g --diag_warning=225 --diag_warning=255 --diag_wrap=off --display_error_number --gen_func_subsections=on --preproc_with_compile --preproc_dependency="ccfg.d_raw" --cmd_file="C:/Users/dell/workspace_v10/tirtos_builds_CC1310_LAUNCHXL_release_ccs/Debug/configPkg/compiler.opt"  "../ccfg.c"
Finished building: "../ccfg.c"
 
Building file: "../CC1310_LAUNCHXL_fxns.c"
Invoking: ARM Compiler
"C:/ti/ccs1011/ccs/tools/compiler/ti-cgt-arm_20.2.1.LTS/bin/armcl" -mv7M3 --code_state=16 --float_support=vfplib -me --include_path="C:/Users/dell/workspace_v10/rfPacketTx_CC1310_LAUNCHXL_tirtos_ccs" --include_path="C:/ti/simplelink_cc13x0_sdk_4_10_02_04/source/ti/posix/ccs" --include_path="C:/ti/ccs1011/ccs/tools/compiler/ti-cgt-arm_20.2.1.LTS/include" --define=DeviceFamily_CC13X0 --define=CCFG_FORCE_VDDR_HH=0 --define=SUPPORT_PHY_CUSTOM --define=SUPPORT_PHY_50KBPS2GFSK --define=SUPPORT_PHY_625BPSLRM --define=SUPPORT_PHY_5KBPSSLLR -g --diag_warning=225 --diag_warning=255 --diag_wrap=off --display_error_number --gen_func_subsections=on --preproc_with_compile --preproc_dependency="CC1310_LAUNCHXL_fxns.d_raw" --cmd_file="C:/Users/dell/workspace_v10/tirtos_builds_CC1310_LAUNCHXL_release_ccs/Debug/configPkg/compiler.opt"  "../CC1310_LAUNCHXL_fxns.c"
Finished building: "../CC1310_LAUNCHXL_fxns.c"
 
Building file: "../main_tirtos.c"
Invoking: ARM Compiler
"C:/ti/ccs1011/ccs/tools/compiler/ti-cgt-arm_20.2.1.LTS/bin/armcl" -mv7M3 --code_state=16 --float_support=vfplib -me --include_path="C:/Users/dell/workspace_v10/rfPacketTx_CC1310_LAUNCHXL_tirtos_ccs" --include_path="C:/ti/simplelink_cc13x0_sdk_4_10_02_04/source/ti/posix/ccs" --include_path="C:/ti/ccs1011/ccs/tools/compiler/ti-cgt-arm_20.2.1.LTS/include" --define=DeviceFamily_CC13X0 --define=CCFG_FORCE_VDDR_HH=0 --define=SUPPORT_PHY_CUSTOM --define=SUPPORT_PHY_50KBPS2GFSK --define=SUPPORT_PHY_625BPSLRM --define=SUPPORT_PHY_5KBPSSLLR -g --diag_warning=225 --diag_warning=255 --diag_wrap=off --display_error_number --gen_func_subsections=on --preproc_with_compile --preproc_dependency="main_tirtos.d_raw" --cmd_file="C:/Users/dell/workspace_v10/tirtos_builds_CC1310_LAUNCHXL_release_ccs/Debug/configPkg/compiler.opt"  "../main_tirtos.c"
Finished building: "../main_tirtos.c"
 
Building file: "../smartrf_settings/smartrf_settings.c"
Invoking: ARM Compiler
"C:/ti/ccs1011/ccs/tools/compiler/ti-cgt-arm_20.2.1.LTS/bin/armcl" -mv7M3 --code_state=16 --float_support=vfplib -me --include_path="C:/Users/dell/workspace_v10/rfPacketTx_CC1310_LAUNCHXL_tirtos_ccs" --include_path="C:/ti/simplelink_cc13x0_sdk_4_10_02_04/source/ti/posix/ccs" --include_path="C:/ti/ccs1011/ccs/tools/compiler/ti-cgt-arm_20.2.1.LTS/include" --define=DeviceFamily_CC13X0 --define=CCFG_FORCE_VDDR_HH=0 --define=SUPPORT_PHY_CUSTOM --define=SUPPORT_PHY_50KBPS2GFSK --define=SUPPORT_PHY_625BPSLRM --define=SUPPORT_PHY_5KBPSSLLR -g --diag_warning=225 --diag_warning=255 --diag_wrap=off --display_error_number --gen_func_subsections=on --preproc_with_compile --preproc_dependency="smartrf_settings/smartrf_settings.d_raw" --obj_directory="smartrf_settings" --cmd_file="C:/Users/dell/workspace_v10/tirtos_builds_CC1310_LAUNCHXL_release_ccs/Debug/configPkg/compiler.opt"  "../smartrf_settings/smartrf_settings.c"
Finished building: "../smartrf_settings/smartrf_settings.c"
 
Building file: "../rfPacketTx.c"
Invoking: ARM Compiler
"C:/ti/ccs1011/ccs/tools/compiler/ti-cgt-arm_20.2.1.LTS/bin/armcl" -mv7M3 --code_state=16 --float_support=vfplib -me --include_path="C:/Users/dell/workspace_v10/rfPacketTx_CC1310_LAUNCHXL_tirtos_ccs" --include_path="C:/ti/simplelink_cc13x0_sdk_4_10_02_04/source/ti/posix/ccs" --include_path="C:/ti/ccs1011/ccs/tools/compiler/ti-cgt-arm_20.2.1.LTS/include" --define=DeviceFamily_CC13X0 --define=CCFG_FORCE_VDDR_HH=0 --define=SUPPORT_PHY_CUSTOM --define=SUPPORT_PHY_50KBPS2GFSK --define=SUPPORT_PHY_625BPSLRM --define=SUPPORT_PHY_5KBPSSLLR -g --diag_warning=225 --diag_warning=255 --diag_wrap=off --display_error_number --gen_func_subsections=on --preproc_with_compile --preproc_dependency="rfPacketTx.d_raw" --cmd_file="C:/Users/dell/workspace_v10/tirtos_builds_CC1310_LAUNCHXL_release_ccs/Debug/configPkg/compiler.opt"  "../rfPacketTx.c"
Finished building: "../rfPacketTx.c"
 
Building file: "../CC1310_LAUNCHXL.c"
Invoking: ARM Compiler
"C:/ti/ccs1011/ccs/tools/compiler/ti-cgt-arm_20.2.1.LTS/bin/armcl" -mv7M3 --code_state=16 --float_support=vfplib -me --include_path="C:/Users/dell/workspace_v10/rfPacketTx_CC1310_LAUNCHXL_tirtos_ccs" --include_path="C:/ti/simplelink_cc13x0_sdk_4_10_02_04/source/ti/posix/ccs" --include_path="C:/ti/ccs1011/ccs/tools/compiler/ti-cgt-arm_20.2.1.LTS/include" --define=DeviceFamily_CC13X0 --define=CCFG_FORCE_VDDR_HH=0 --define=SUPPORT_PHY_CUSTOM --define=SUPPORT_PHY_50KBPS2GFSK --define=SUPPORT_PHY_625BPSLRM --define=SUPPORT_PHY_5KBPSSLLR -g --diag_warning=225 --diag_warning=255 --diag_wrap=off --display_error_number --gen_func_subsections=on --preproc_with_compile --preproc_dependency="CC1310_LAUNCHXL.d_raw" --cmd_file="C:/Users/dell/workspace_v10/tirtos_builds_CC1310_LAUNCHXL_release_ccs/Debug/configPkg/compiler.opt"  "../CC1310_LAUNCHXL.c"
Finished building: "../CC1310_LAUNCHXL.c"
 
Building target: "rfPacketTx_CC1310_LAUNCHXL_tirtos_ccs.out"
Invoking: ARM Linker
"C:/ti/ccs1011/ccs/tools/compiler/ti-cgt-arm_20.2.1.LTS/bin/armcl" -mv7M3 --code_state=16 --float_support=vfplib -me --define=DeviceFamily_CC13X0 --define=CCFG_FORCE_VDDR_HH=0 --define=SUPPORT_PHY_CUSTOM --define=SUPPORT_PHY_50KBPS2GFSK --define=SUPPORT_PHY_625BPSLRM --define=SUPPORT_PHY_5KBPSSLLR -g --diag_warning=225 --diag_warning=255 --diag_wrap=off --display_error_number --gen_func_subsections=on -z -m"rfPacketTx_CC1310_LAUNCHXL_tirtos_ccs.map" -i"C:/ti/simplelink_cc13x0_sdk_4_10_02_04/source" -i"C:/ti/simplelink_cc13x0_sdk_4_10_02_04/kernel/tirtos/packages" -i"C:/ti/ccs1011/ccs/tools/compiler/ti-cgt-arm_20.2.1.LTS/lib" --diag_wrap=off --display_error_number --warn_sections --xml_link_info="rfPacketTx_CC1310_LAUNCHXL_tirtos_ccs_linkInfo.xml" --rom_model -o "rfPacketTx_CC1310_LAUNCHXL_tirtos_ccs.out" "./CC1310_LAUNCHXL.obj" "./CC1310_LAUNCHXL_fxns.obj" "./ccfg.obj" "./main_tirtos.obj" "./rfPacketTx.obj" "./smartrf_settings/smartrf_settings.obj" "../CC1310_LAUNCHXL_TIRTOS.cmd" -l"ti/display/lib/display.aem3" -l"ti/grlib/lib/ccs/m3/grlib.a" -l"third_party/spiffs/lib/ccs/m3/spiffs_cc26xx.a" -l"ti/drivers/rf/lib/rf_multiMode_cc13x0.aem3" -l"ti/drivers/lib/drivers_cc13x0.aem3" -l"ti/dpl/lib/dpl_cc13x0.aem3" -l"C:/Users/dell/workspace_v10/tirtos_builds_CC1310_LAUNCHXL_release_ccs/Debug/configPkg/linker.cmd"  -l"ti/devices/cc13x0/driverlib/bin/ccs/driverlib.lib" -llibc.a 
<Linking>
Finished building target: "rfPacketTx_CC1310_LAUNCHXL_tirtos_ccs.out"
 

**** Build Finished ****
